<html>
<head>
<title>TestNG:  Default test</title>
<link href="../testng.css" rel="stylesheet" type="text/css" />
<link href="../my-testng.css" rel="stylesheet" type="text/css" />

<style type="text/css">
.log { display: none;} 
.stack-trace { display: none;} 
</style>
<script type="text/javascript">
<!--
function flip(e) {
  current = e.style.display;
  if (current == 'block') {
    e.style.display = 'none';
    return 0;
  }
  else {
    e.style.display = 'block';
    return 1;
  }
}

function toggleBox(szDivId, elem, msg1, msg2)
{
  var res = -1;  if (document.getElementById) {
    res = flip(document.getElementById(szDivId));
  }
  else if (document.all) {
    // this is the way old msie versions work
    res = flip(document.all[szDivId]);
  }
  if(elem) {
    if(res == 0) elem.innerHTML = msg1; else elem.innerHTML = msg2;
  }

}

function toggleAllBoxes() {
  if (document.getElementsByTagName) {
    d = document.getElementsByTagName('div');
    for (i = 0; i < d.length; i++) {
      if (d[i].className == 'log') {
        flip(d[i]);
      }
    }
  }
}

// -->
</script>

</head>
<body>
<h2 align='center'>Default test</h2><table border='1' align="center">
<tr>
<td>Tests passed/Failed/Skipped:</td><td>17/3/0</td>
</tr><tr>
<td>Started on:</td><td>Mon Apr 29 17:04:25 IST 2024</td>
</tr>
<tr><td>Total time:</td><td>8 seconds (8770 ms)</td>
</tr><tr>
<td>Included groups:</td><td></td>
</tr><tr>
<td>Excluded groups:</td><td></td>
</tr>
</table><p/>
<small><i>(Hover the method name to see the test class name)</i></small><p/>
<table width='100%' border='1' class='invocation-failed'>
<tr><td colspan='4' align='center'><b>FAILED TESTS</b></td></tr>
<tr><td><b>Test method</b></td>
<td width="30%"><b>Exception</b></td>
<td width="10%"><b>Time (seconds)</b></td>
<td><b>Instance</b></td>
</tr>
<tr>
<td title='Correct_Code.CAtalogue_Secndry.create()'><b>create</b><br>Test class: Correct_Code.CAtalogue_Secndry<br>Parameters: {"availableQuantity":"0.922","secondaryProductId":12,"application":"Ok","keywords":"Ok","termsConditions":"<p>OK<\/p><p><br><\/p>","price":{"default":"75000"},"additionalProductDetails":"<p>ok<\/p>","catalogueName":"TINPLATE SHEET [Th-0.2][W-800][TM-T-3]","minimumQuantity":"0.1","packagingType":["PLASTIC_PACKAGING"],"defectDetails":"<p>OK<\/p>","status":"ACTIVE"}</td>
<td><div><pre>java.lang.AssertionError: 1 expectation failed.
Expected status code &lt;200&gt; but was &lt;500&gt;.

	at java.base/jdk.internal.reflect.NativeConstructorAccessorImpl.newInstance0(Native Method)
	at java.base/jdk.internal.reflect.NativeConstructorAccessorImpl.newInstance(NativeConstructorAccessorImpl.java:77)
	at java.base/jdk.internal.reflect.DelegatingConstructorAccessorImpl.newInstance(DelegatingConstructorAccessorImpl.java:45)
	at java.base/java.lang.reflect.Constructor.newInstanceWithCaller(Constructor.java:499)
	at java.base/java.lang.reflect.Constructor.newInstance(Constructor.java:480)
	at org.codehaus.groovy.reflection.CachedConstructor.invoke(CachedConstructor.java:73)
	at org.codehaus.groovy.runtime.callsite.ConstructorSite$ConstructorSiteNoUnwrapNoCoerce.callConstructor(ConstructorSite.java:108)
	at org.codehaus.groovy.runtime.callsite.CallSiteArray.defaultCallConstructor(CallSiteArray.java:57)
	at org.codehaus.groovy.runtime.callsite.AbstractCallSite.callConstructor(AbstractCallSite.java:263)
	at org.codehaus.groovy.runtime.callsite.AbstractCallSite.callConstructor(AbstractCallSite.java:277)
	at io.restassured.internal.ResponseSpecificationImpl$HamcrestAssertionClosure.validate(ResponseSpecificationImpl.groovy:512)
	at io.restassured.internal.ResponseSpecificationImpl$HamcrestAssertionClosure$validate$1.call(Unknown Source)
	at io.restassured.internal.ResponseSpecificationImpl.validateResponseIfRequired(ResponseSpecificationImpl.groovy:696)
	at io.restassured.internal.ResponseSpecificationImpl.this$2$validateResponseIfRequired(ResponseSpecificationImpl.groovy)
	at java.base/jdk.internal.reflect.NativeMethodAccessorImpl.invoke0(Native Method)
	at java.base/jdk.internal.reflect.NativeMethodAccessorImpl.invoke(NativeMethodAccessorImpl.java:77)
	at java.base/jdk.internal.reflect.DelegatingMethodAccessorImpl.invoke(DelegatingMethodAccessorImpl.java:43)
	at java.base/java.lang.reflect.Method.invoke(Method.java:568)
	at org.codehaus.groovy.runtime.callsite.PlainObjectMetaMethodSite.doInvoke(PlainObjectMetaMethodSite.java:43)
	at org.codehaus.groovy.runtime.callsite.PogoMetaMethodSite$PogoCachedMethodSiteNoUnwrapNoCoerce.invoke(PogoMetaMethodSite.java:198)
	at org.codehaus.groovy.runtime.callsite.PogoMetaMethodSite.callCurrent(PogoMetaMethodSite.java:62)
	at org.codehaus.groovy.runtime.callsite.AbstractCallSite.callCurrent(AbstractCallSite.java:185)
	at io.restassured.internal.ResponseSpecificationImpl.statusCode(ResponseSpecificationImpl.groovy:135)
	at io.restassured.specification.ResponseSpecification$statusCode$0.callCurrent(Unknown Source)
	at io.restassured.internal.ResponseSpecificationImpl.statusCode(ResponseSpecificationImpl.groovy:143)
	at io.restassured.internal.ValidatableResponseOptionsImpl.statusCode(ValidatableResponseOptionsImpl.java:89)
	at Correct_Code.CAtalogue_Secndry.create(CAtalogue_Secndry.java:78)
	at java.base/jdk.internal.reflect.NativeMethodAccessorImpl.invoke0(Native Method)
	at java.base/jdk.internal.reflect.NativeMethodAccessorImpl.invoke(NativeMethodAccessorImpl.java:77)
	at java.base/jdk.internal.reflect.DelegatingMethodAccessorImpl.invoke(DelegatingMethodAccessorImpl.java:43)
	at java.base/java.lang.reflect.Method.invoke(Method.java:568)
	at org.testng.internal.MethodInvocationHelper.invokeMethod(MethodInvocationHelper.java:133)
	at org.testng.internal.TestInvoker.invokeMethod(TestInvoker.java:598)
	at org.testng.internal.TestInvoker.invokeTestMethod(TestInvoker.java:173)
	at org.testng.internal.MethodRunner.runInSequence(MethodRunner.java:46)
	at org.testng.internal.TestInvoker$MethodInvocationAgent.invoke(TestInvoker.java:824)
	at org.testng.internal.TestInvoker.invokeTestMethods(TestInvoker.java:146)
	at org.testng.internal.TestMethodWorker.invokeTestMethods(TestMethodWorker.java:146)
	at org.testng.internal.TestMethodWorker.run(TestMethodWorker.java:128)
	at java.base/java.util.ArrayList.forEach(ArrayList.java:1511)
	at org.testng.TestRunner.privateRun(TestRunner.java:794)
	at org.testng.TestRunner.run(TestRunner.java:596)
	at org.testng.SuiteRunner.runTest(SuiteRunner.java:377)
	at org.testng.SuiteRunner.runSequentially(SuiteRunner.java:371)
	at org.testng.SuiteRunner.privateRun(SuiteRunner.java:332)
	at org.testng.SuiteRunner.run(SuiteRunner.java:276)
	at org.testng.SuiteRunnerWorker.runSuite(SuiteRunnerWorker.java:53)
	at org.testng.SuiteRunnerWorker.run(SuiteRunnerWorker.java:96)
	at org.testng.TestNG.runSuitesSequentially(TestNG.java:1212)
	at org.testng.TestNG.runSuitesLocally(TestNG.java:1134)
	at org.testng.TestNG.runSuites(TestNG.java:1063)
	at org.testng.TestNG.run(TestNG.java:1031)
	at org.testng.remote.AbstractRemoteTestNG.run(AbstractRemoteTestNG.java:115)
	at org.testng.remote.RemoteTestNG.initAndRun(RemoteTestNG.java:251)
	at org.testng.remote.RemoteTestNG.main(RemoteTestNG.java:77)
</pre></div><a href='#' onClick='toggleBox("stack-trace405700314", this, "Click to show all stack frames", "Click to hide stack frames")'>Click to show all stack frames</a>
<div class='stack-trace' id='stack-trace405700314'><pre>java.lang.AssertionError: 1 expectation failed.
Expected status code &lt;200&gt; but was &lt;500&gt;.

	at java.base/jdk.internal.reflect.NativeConstructorAccessorImpl.newInstance0(Native Method)
	at java.base/jdk.internal.reflect.NativeConstructorAccessorImpl.newInstance(NativeConstructorAccessorImpl.java:77)
	at java.base/jdk.internal.reflect.DelegatingConstructorAccessorImpl.newInstance(DelegatingConstructorAccessorImpl.java:45)
	at java.base/java.lang.reflect.Constructor.newInstanceWithCaller(Constructor.java:499)
	at java.base/java.lang.reflect.Constructor.newInstance(Constructor.java:480)
	at org.codehaus.groovy.reflection.CachedConstructor.invoke(CachedConstructor.java:73)
	at org.codehaus.groovy.runtime.callsite.ConstructorSite$ConstructorSiteNoUnwrapNoCoerce.callConstructor(ConstructorSite.java:108)
	at org.codehaus.groovy.runtime.callsite.CallSiteArray.defaultCallConstructor(CallSiteArray.java:57)
	at org.codehaus.groovy.runtime.callsite.AbstractCallSite.callConstructor(AbstractCallSite.java:263)
	at org.codehaus.groovy.runtime.callsite.AbstractCallSite.callConstructor(AbstractCallSite.java:277)
	at io.restassured.internal.ResponseSpecificationImpl$HamcrestAssertionClosure.validate(ResponseSpecificationImpl.groovy:512)
	at io.restassured.internal.ResponseSpecificationImpl$HamcrestAssertionClosure$validate$1.call(Unknown Source)
	at io.restassured.internal.ResponseSpecificationImpl.validateResponseIfRequired(ResponseSpecificationImpl.groovy:696)
	at io.restassured.internal.ResponseSpecificationImpl.this$2$validateResponseIfRequired(ResponseSpecificationImpl.groovy)
	at java.base/jdk.internal.reflect.NativeMethodAccessorImpl.invoke0(Native Method)
	at java.base/jdk.internal.reflect.NativeMethodAccessorImpl.invoke(NativeMethodAccessorImpl.java:77)
	at java.base/jdk.internal.reflect.DelegatingMethodAccessorImpl.invoke(DelegatingMethodAccessorImpl.java:43)
	at java.base/java.lang.reflect.Method.invoke(Method.java:568)
	at org.codehaus.groovy.runtime.callsite.PlainObjectMetaMethodSite.doInvoke(PlainObjectMetaMethodSite.java:43)
	at org.codehaus.groovy.runtime.callsite.PogoMetaMethodSite$PogoCachedMethodSiteNoUnwrapNoCoerce.invoke(PogoMetaMethodSite.java:198)
	at org.codehaus.groovy.runtime.callsite.PogoMetaMethodSite.callCurrent(PogoMetaMethodSite.java:62)
	at org.codehaus.groovy.runtime.callsite.AbstractCallSite.callCurrent(AbstractCallSite.java:185)
	at io.restassured.internal.ResponseSpecificationImpl.statusCode(ResponseSpecificationImpl.groovy:135)
	at io.restassured.specification.ResponseSpecification$statusCode$0.callCurrent(Unknown Source)
	at io.restassured.internal.ResponseSpecificationImpl.statusCode(ResponseSpecificationImpl.groovy:143)
	at io.restassured.internal.ValidatableResponseOptionsImpl.statusCode(ValidatableResponseOptionsImpl.java:89)
	at Correct_Code.CAtalogue_Secndry.create(CAtalogue_Secndry.java:78)
	at java.base/jdk.internal.reflect.NativeMethodAccessorImpl.invoke0(Native Method)
	at java.base/jdk.internal.reflect.NativeMethodAccessorImpl.invoke(NativeMethodAccessorImpl.java:77)
	at java.base/jdk.internal.reflect.DelegatingMethodAccessorImpl.invoke(DelegatingMethodAccessorImpl.java:43)
	at java.base/java.lang.reflect.Method.invoke(Method.java:568)
	at org.testng.internal.MethodInvocationHelper.invokeMethod(MethodInvocationHelper.java:133)
	at org.testng.internal.TestInvoker.invokeMethod(TestInvoker.java:598)
	at org.testng.internal.TestInvoker.invokeTestMethod(TestInvoker.java:173)
	at org.testng.internal.MethodRunner.runInSequence(MethodRunner.java:46)
	at org.testng.internal.TestInvoker$MethodInvocationAgent.invoke(TestInvoker.java:824)
	at org.testng.internal.TestInvoker.invokeTestMethods(TestInvoker.java:146)
	at org.testng.internal.TestMethodWorker.invokeTestMethods(TestMethodWorker.java:146)
	at org.testng.internal.TestMethodWorker.run(TestMethodWorker.java:128)
	at java.base/java.util.ArrayList.forEach(ArrayList.java:1511)
	at org.testng.TestRunner.privateRun(TestRunner.java:794)
	at org.testng.TestRunner.run(TestRunner.java:596)
	at org.testng.SuiteRunner.runTest(SuiteRunner.java:377)
	at org.testng.SuiteRunner.runSequentially(SuiteRunner.java:371)
	at org.testng.SuiteRunner.privateRun(SuiteRunner.java:332)
	at org.testng.SuiteRunner.run(SuiteRunner.java:276)
	at org.testng.SuiteRunnerWorker.runSuite(SuiteRunnerWorker.java:53)
	at org.testng.SuiteRunnerWorker.run(SuiteRunnerWorker.java:96)
	at org.testng.TestNG.runSuitesSequentially(TestNG.java:1212)
	at org.testng.TestNG.runSuitesLocally(TestNG.java:1134)
	at org.testng.TestNG.runSuites(TestNG.java:1063)
	at org.testng.TestNG.run(TestNG.java:1031)
	at org.testng.remote.AbstractRemoteTestNG.run(AbstractRemoteTestNG.java:115)
	at org.testng.remote.RemoteTestNG.initAndRun(RemoteTestNG.java:251)
	at org.testng.remote.RemoteTestNG.main(RemoteTestNG.java:77)
</pre></div></td>
<td>0</td>
<td>Correct_Code.CAtalogue_Secndry@4550bb58</td></tr>
<tr>
<td title='Correct_Code.CAtalogue_Secndry.create()'><b>create</b><br>Test class: Correct_Code.CAtalogue_Secndry<br>Parameters: {"availableQuantity":"1.801","secondaryProductId":18,"application":"Ok","keywords":"Ok","termsConditions":"<p>OK<\/p><p><br><\/p>","price":{"default":"75000"},"additionalProductDetails":"<p>ok<\/p>","catalogueName":"TINPLATE SHEET [Th-0.2][W-800][TM-T-3]","minimumQuantity":"0.1","packagingType":["PLASTIC_PACKAGING"],"defectDetails":"<p>OK<\/p>","status":"ACTIVE"}</td>
<td><div><pre>java.lang.AssertionError: 1 expectation failed.
Expected status code &lt;200&gt; but was &lt;500&gt;.

	at java.base/jdk.internal.reflect.NativeConstructorAccessorImpl.newInstance0(Native Method)
	at java.base/jdk.internal.reflect.NativeConstructorAccessorImpl.newInstance(NativeConstructorAccessorImpl.java:77)
	at java.base/jdk.internal.reflect.DelegatingConstructorAccessorImpl.newInstance(DelegatingConstructorAccessorImpl.java:45)
	at java.base/java.lang.reflect.Constructor.newInstanceWithCaller(Constructor.java:499)
	at java.base/java.lang.reflect.Constructor.newInstance(Constructor.java:480)
	at org.codehaus.groovy.reflection.CachedConstructor.invoke(CachedConstructor.java:73)
	at org.codehaus.groovy.runtime.callsite.ConstructorSite$ConstructorSiteNoUnwrapNoCoerce.callConstructor(ConstructorSite.java:108)
	at org.codehaus.groovy.runtime.callsite.AbstractCallSite.callConstructor(AbstractCallSite.java:277)
	at io.restassured.internal.ResponseSpecificationImpl$HamcrestAssertionClosure.validate(ResponseSpecificationImpl.groovy:512)
	at io.restassured.internal.ResponseSpecificationImpl$HamcrestAssertionClosure$validate$1.call(Unknown Source)
	at io.restassured.internal.ResponseSpecificationImpl.validateResponseIfRequired(ResponseSpecificationImpl.groovy:696)
	at io.restassured.internal.ResponseSpecificationImpl.this$2$validateResponseIfRequired(ResponseSpecificationImpl.groovy)
	at jdk.internal.reflect.GeneratedMethodAccessor125.invoke(Unknown Source)
	at java.base/jdk.internal.reflect.DelegatingMethodAccessorImpl.invoke(DelegatingMethodAccessorImpl.java:43)
	at java.base/java.lang.reflect.Method.invoke(Method.java:568)
	at org.codehaus.groovy.runtime.callsite.PlainObjectMetaMethodSite.doInvoke(PlainObjectMetaMethodSite.java:43)
	at org.codehaus.groovy.runtime.callsite.PogoMetaMethodSite$PogoCachedMethodSiteNoUnwrapNoCoerce.invoke(PogoMetaMethodSite.java:198)
	at org.codehaus.groovy.runtime.callsite.PogoMetaMethodSite.callCurrent(PogoMetaMethodSite.java:62)
	at org.codehaus.groovy.runtime.callsite.AbstractCallSite.callCurrent(AbstractCallSite.java:185)
	at io.restassured.internal.ResponseSpecificationImpl.statusCode(ResponseSpecificationImpl.groovy:135)
	at io.restassured.specification.ResponseSpecification$statusCode$0.callCurrent(Unknown Source)
	at io.restassured.internal.ResponseSpecificationImpl.statusCode(ResponseSpecificationImpl.groovy:143)
	at io.restassured.internal.ValidatableResponseOptionsImpl.statusCode(ValidatableResponseOptionsImpl.java:89)
	at Correct_Code.CAtalogue_Secndry.create(CAtalogue_Secndry.java:78)
	at jdk.internal.reflect.GeneratedMethodAccessor66.invoke(Unknown Source)
	at java.base/jdk.internal.reflect.DelegatingMethodAccessorImpl.invoke(DelegatingMethodAccessorImpl.java:43)
	at java.base/java.lang.reflect.Method.invoke(Method.java:568)
	at org.testng.internal.MethodInvocationHelper.invokeMethod(MethodInvocationHelper.java:133)
	at org.testng.internal.TestInvoker.invokeMethod(TestInvoker.java:598)
	at org.testng.internal.TestInvoker.invokeTestMethod(TestInvoker.java:173)
	at org.testng.internal.MethodRunner.runInSequence(MethodRunner.java:46)
	at org.testng.internal.TestInvoker$MethodInvocationAgent.invoke(TestInvoker.java:824)
	at org.testng.internal.TestInvoker.invokeTestMethods(TestInvoker.java:146)
	at org.testng.internal.TestMethodWorker.invokeTestMethods(TestMethodWorker.java:146)
	at org.testng.internal.TestMethodWorker.run(TestMethodWorker.java:128)
	at java.base/java.util.ArrayList.forEach(ArrayList.java:1511)
	at org.testng.TestRunner.privateRun(TestRunner.java:794)
	at org.testng.TestRunner.run(TestRunner.java:596)
	at org.testng.SuiteRunner.runTest(SuiteRunner.java:377)
	at org.testng.SuiteRunner.runSequentially(SuiteRunner.java:371)
	at org.testng.SuiteRunner.privateRun(SuiteRunner.java:332)
	at org.testng.SuiteRunner.run(SuiteRunner.java:276)
	at org.testng.SuiteRunnerWorker.runSuite(SuiteRunnerWorker.java:53)
	at org.testng.SuiteRunnerWorker.run(SuiteRunnerWorker.java:96)
	at org.testng.TestNG.runSuitesSequentially(TestNG.java:1212)
	at org.testng.TestNG.runSuitesLocally(TestNG.java:1134)
	at org.testng.TestNG.runSuites(TestNG.java:1063)
	at org.testng.TestNG.run(TestNG.java:1031)
	at org.testng.remote.AbstractRemoteTestNG.run(AbstractRemoteTestNG.java:115)
	at org.testng.remote.RemoteTestNG.initAndRun(RemoteTestNG.java:251)
	at org.testng.remote.RemoteTestNG.main(RemoteTestNG.java:77)
</pre></div><a href='#' onClick='toggleBox("stack-trace146875684", this, "Click to show all stack frames", "Click to hide stack frames")'>Click to show all stack frames</a>
<div class='stack-trace' id='stack-trace146875684'><pre>java.lang.AssertionError: 1 expectation failed.
Expected status code &lt;200&gt; but was &lt;500&gt;.

	at java.base/jdk.internal.reflect.NativeConstructorAccessorImpl.newInstance0(Native Method)
	at java.base/jdk.internal.reflect.NativeConstructorAccessorImpl.newInstance(NativeConstructorAccessorImpl.java:77)
	at java.base/jdk.internal.reflect.DelegatingConstructorAccessorImpl.newInstance(DelegatingConstructorAccessorImpl.java:45)
	at java.base/java.lang.reflect.Constructor.newInstanceWithCaller(Constructor.java:499)
	at java.base/java.lang.reflect.Constructor.newInstance(Constructor.java:480)
	at org.codehaus.groovy.reflection.CachedConstructor.invoke(CachedConstructor.java:73)
	at org.codehaus.groovy.runtime.callsite.ConstructorSite$ConstructorSiteNoUnwrapNoCoerce.callConstructor(ConstructorSite.java:108)
	at org.codehaus.groovy.runtime.callsite.AbstractCallSite.callConstructor(AbstractCallSite.java:277)
	at io.restassured.internal.ResponseSpecificationImpl$HamcrestAssertionClosure.validate(ResponseSpecificationImpl.groovy:512)
	at io.restassured.internal.ResponseSpecificationImpl$HamcrestAssertionClosure$validate$1.call(Unknown Source)
	at io.restassured.internal.ResponseSpecificationImpl.validateResponseIfRequired(ResponseSpecificationImpl.groovy:696)
	at io.restassured.internal.ResponseSpecificationImpl.this$2$validateResponseIfRequired(ResponseSpecificationImpl.groovy)
	at jdk.internal.reflect.GeneratedMethodAccessor125.invoke(Unknown Source)
	at java.base/jdk.internal.reflect.DelegatingMethodAccessorImpl.invoke(DelegatingMethodAccessorImpl.java:43)
	at java.base/java.lang.reflect.Method.invoke(Method.java:568)
	at org.codehaus.groovy.runtime.callsite.PlainObjectMetaMethodSite.doInvoke(PlainObjectMetaMethodSite.java:43)
	at org.codehaus.groovy.runtime.callsite.PogoMetaMethodSite$PogoCachedMethodSiteNoUnwrapNoCoerce.invoke(PogoMetaMethodSite.java:198)
	at org.codehaus.groovy.runtime.callsite.PogoMetaMethodSite.callCurrent(PogoMetaMethodSite.java:62)
	at org.codehaus.groovy.runtime.callsite.AbstractCallSite.callCurrent(AbstractCallSite.java:185)
	at io.restassured.internal.ResponseSpecificationImpl.statusCode(ResponseSpecificationImpl.groovy:135)
	at io.restassured.specification.ResponseSpecification$statusCode$0.callCurrent(Unknown Source)
	at io.restassured.internal.ResponseSpecificationImpl.statusCode(ResponseSpecificationImpl.groovy:143)
	at io.restassured.internal.ValidatableResponseOptionsImpl.statusCode(ValidatableResponseOptionsImpl.java:89)
	at Correct_Code.CAtalogue_Secndry.create(CAtalogue_Secndry.java:78)
	at jdk.internal.reflect.GeneratedMethodAccessor66.invoke(Unknown Source)
	at java.base/jdk.internal.reflect.DelegatingMethodAccessorImpl.invoke(DelegatingMethodAccessorImpl.java:43)
	at java.base/java.lang.reflect.Method.invoke(Method.java:568)
	at org.testng.internal.MethodInvocationHelper.invokeMethod(MethodInvocationHelper.java:133)
	at org.testng.internal.TestInvoker.invokeMethod(TestInvoker.java:598)
	at org.testng.internal.TestInvoker.invokeTestMethod(TestInvoker.java:173)
	at org.testng.internal.MethodRunner.runInSequence(MethodRunner.java:46)
	at org.testng.internal.TestInvoker$MethodInvocationAgent.invoke(TestInvoker.java:824)
	at org.testng.internal.TestInvoker.invokeTestMethods(TestInvoker.java:146)
	at org.testng.internal.TestMethodWorker.invokeTestMethods(TestMethodWorker.java:146)
	at org.testng.internal.TestMethodWorker.run(TestMethodWorker.java:128)
	at java.base/java.util.ArrayList.forEach(ArrayList.java:1511)
	at org.testng.TestRunner.privateRun(TestRunner.java:794)
	at org.testng.TestRunner.run(TestRunner.java:596)
	at org.testng.SuiteRunner.runTest(SuiteRunner.java:377)
	at org.testng.SuiteRunner.runSequentially(SuiteRunner.java:371)
	at org.testng.SuiteRunner.privateRun(SuiteRunner.java:332)
	at org.testng.SuiteRunner.run(SuiteRunner.java:276)
	at org.testng.SuiteRunnerWorker.runSuite(SuiteRunnerWorker.java:53)
	at org.testng.SuiteRunnerWorker.run(SuiteRunnerWorker.java:96)
	at org.testng.TestNG.runSuitesSequentially(TestNG.java:1212)
	at org.testng.TestNG.runSuitesLocally(TestNG.java:1134)
	at org.testng.TestNG.runSuites(TestNG.java:1063)
	at org.testng.TestNG.run(TestNG.java:1031)
	at org.testng.remote.AbstractRemoteTestNG.run(AbstractRemoteTestNG.java:115)
	at org.testng.remote.RemoteTestNG.initAndRun(RemoteTestNG.java:251)
	at org.testng.remote.RemoteTestNG.main(RemoteTestNG.java:77)
</pre></div></td>
<td>0</td>
<td>Correct_Code.CAtalogue_Secndry@4550bb58</td></tr>
<tr>
<td title='Correct_Code.CAtalogue_Secndry.create()'><b>create</b><br>Test class: Correct_Code.CAtalogue_Secndry<br>Parameters: {"availableQuantity":"2.027","secondaryProductId":21,"application":"Ok","keywords":"Ok","termsConditions":"<p>OK<\/p><p><br><\/p>","price":{"default":"75000"},"additionalProductDetails":"<p>ok<\/p>","catalogueName":"TINPLATE SHEET [Th-0.2][W-940][TM-T-3]","minimumQuantity":"0.1","packagingType":["PLASTIC_PACKAGING"],"defectDetails":"<p>OK<\/p>","status":"ACTIVE"}</td>
<td><div><pre>java.lang.AssertionError: 1 expectation failed.
Expected status code &lt;200&gt; but was &lt;500&gt;.

	at java.base/jdk.internal.reflect.NativeConstructorAccessorImpl.newInstance0(Native Method)
	at java.base/jdk.internal.reflect.NativeConstructorAccessorImpl.newInstance(NativeConstructorAccessorImpl.java:77)
	at java.base/jdk.internal.reflect.DelegatingConstructorAccessorImpl.newInstance(DelegatingConstructorAccessorImpl.java:45)
	at java.base/java.lang.reflect.Constructor.newInstanceWithCaller(Constructor.java:499)
	at java.base/java.lang.reflect.Constructor.newInstance(Constructor.java:480)
	at org.codehaus.groovy.reflection.CachedConstructor.invoke(CachedConstructor.java:73)
	at org.codehaus.groovy.runtime.callsite.ConstructorSite$ConstructorSiteNoUnwrapNoCoerce.callConstructor(ConstructorSite.java:108)
	at org.codehaus.groovy.runtime.callsite.AbstractCallSite.callConstructor(AbstractCallSite.java:277)
	at io.restassured.internal.ResponseSpecificationImpl$HamcrestAssertionClosure.validate(ResponseSpecificationImpl.groovy:512)
	at io.restassured.internal.ResponseSpecificationImpl$HamcrestAssertionClosure$validate$1.call(Unknown Source)
	at io.restassured.internal.ResponseSpecificationImpl.validateResponseIfRequired(ResponseSpecificationImpl.groovy:696)
	at io.restassured.internal.ResponseSpecificationImpl.this$2$validateResponseIfRequired(ResponseSpecificationImpl.groovy)
	at jdk.internal.reflect.GeneratedMethodAccessor125.invoke(Unknown Source)
	at java.base/jdk.internal.reflect.DelegatingMethodAccessorImpl.invoke(DelegatingMethodAccessorImpl.java:43)
	at java.base/java.lang.reflect.Method.invoke(Method.java:568)
	at org.codehaus.groovy.runtime.callsite.PlainObjectMetaMethodSite.doInvoke(PlainObjectMetaMethodSite.java:43)
	at org.codehaus.groovy.runtime.callsite.PogoMetaMethodSite$PogoCachedMethodSiteNoUnwrapNoCoerce.invoke(PogoMetaMethodSite.java:198)
	at org.codehaus.groovy.runtime.callsite.PogoMetaMethodSite.callCurrent(PogoMetaMethodSite.java:62)
	at org.codehaus.groovy.runtime.callsite.AbstractCallSite.callCurrent(AbstractCallSite.java:185)
	at io.restassured.internal.ResponseSpecificationImpl.statusCode(ResponseSpecificationImpl.groovy:135)
	at io.restassured.specification.ResponseSpecification$statusCode$0.callCurrent(Unknown Source)
	at io.restassured.internal.ResponseSpecificationImpl.statusCode(ResponseSpecificationImpl.groovy:143)
	at io.restassured.internal.ValidatableResponseOptionsImpl.statusCode(ValidatableResponseOptionsImpl.java:89)
	at Correct_Code.CAtalogue_Secndry.create(CAtalogue_Secndry.java:78)
	at jdk.internal.reflect.GeneratedMethodAccessor66.invoke(Unknown Source)
	at java.base/jdk.internal.reflect.DelegatingMethodAccessorImpl.invoke(DelegatingMethodAccessorImpl.java:43)
	at java.base/java.lang.reflect.Method.invoke(Method.java:568)
	at org.testng.internal.MethodInvocationHelper.invokeMethod(MethodInvocationHelper.java:133)
	at org.testng.internal.TestInvoker.invokeMethod(TestInvoker.java:598)
	at org.testng.internal.TestInvoker.invokeTestMethod(TestInvoker.java:173)
	at org.testng.internal.MethodRunner.runInSequence(MethodRunner.java:46)
	at org.testng.internal.TestInvoker$MethodInvocationAgent.invoke(TestInvoker.java:824)
	at org.testng.internal.TestInvoker.invokeTestMethods(TestInvoker.java:146)
	at org.testng.internal.TestMethodWorker.invokeTestMethods(TestMethodWorker.java:146)
	at org.testng.internal.TestMethodWorker.run(TestMethodWorker.java:128)
	at java.base/java.util.ArrayList.forEach(ArrayList.java:1511)
	at org.testng.TestRunner.privateRun(TestRunner.java:794)
	at org.testng.TestRunner.run(TestRunner.java:596)
	at org.testng.SuiteRunner.runTest(SuiteRunner.java:377)
	at org.testng.SuiteRunner.runSequentially(SuiteRunner.java:371)
	at org.testng.SuiteRunner.privateRun(SuiteRunner.java:332)
	at org.testng.SuiteRunner.run(SuiteRunner.java:276)
	at org.testng.SuiteRunnerWorker.runSuite(SuiteRunnerWorker.java:53)
	at org.testng.SuiteRunnerWorker.run(SuiteRunnerWorker.java:96)
	at org.testng.TestNG.runSuitesSequentially(TestNG.java:1212)
	at org.testng.TestNG.runSuitesLocally(TestNG.java:1134)
	at org.testng.TestNG.runSuites(TestNG.java:1063)
	at org.testng.TestNG.run(TestNG.java:1031)
	at org.testng.remote.AbstractRemoteTestNG.run(AbstractRemoteTestNG.java:115)
	at org.testng.remote.RemoteTestNG.initAndRun(RemoteTestNG.java:251)
	at org.testng.remote.RemoteTestNG.main(RemoteTestNG.java:77)
</pre></div><a href='#' onClick='toggleBox("stack-trace872699266", this, "Click to show all stack frames", "Click to hide stack frames")'>Click to show all stack frames</a>
<div class='stack-trace' id='stack-trace872699266'><pre>java.lang.AssertionError: 1 expectation failed.
Expected status code &lt;200&gt; but was &lt;500&gt;.

	at java.base/jdk.internal.reflect.NativeConstructorAccessorImpl.newInstance0(Native Method)
	at java.base/jdk.internal.reflect.NativeConstructorAccessorImpl.newInstance(NativeConstructorAccessorImpl.java:77)
	at java.base/jdk.internal.reflect.DelegatingConstructorAccessorImpl.newInstance(DelegatingConstructorAccessorImpl.java:45)
	at java.base/java.lang.reflect.Constructor.newInstanceWithCaller(Constructor.java:499)
	at java.base/java.lang.reflect.Constructor.newInstance(Constructor.java:480)
	at org.codehaus.groovy.reflection.CachedConstructor.invoke(CachedConstructor.java:73)
	at org.codehaus.groovy.runtime.callsite.ConstructorSite$ConstructorSiteNoUnwrapNoCoerce.callConstructor(ConstructorSite.java:108)
	at org.codehaus.groovy.runtime.callsite.AbstractCallSite.callConstructor(AbstractCallSite.java:277)
	at io.restassured.internal.ResponseSpecificationImpl$HamcrestAssertionClosure.validate(ResponseSpecificationImpl.groovy:512)
	at io.restassured.internal.ResponseSpecificationImpl$HamcrestAssertionClosure$validate$1.call(Unknown Source)
	at io.restassured.internal.ResponseSpecificationImpl.validateResponseIfRequired(ResponseSpecificationImpl.groovy:696)
	at io.restassured.internal.ResponseSpecificationImpl.this$2$validateResponseIfRequired(ResponseSpecificationImpl.groovy)
	at jdk.internal.reflect.GeneratedMethodAccessor125.invoke(Unknown Source)
	at java.base/jdk.internal.reflect.DelegatingMethodAccessorImpl.invoke(DelegatingMethodAccessorImpl.java:43)
	at java.base/java.lang.reflect.Method.invoke(Method.java:568)
	at org.codehaus.groovy.runtime.callsite.PlainObjectMetaMethodSite.doInvoke(PlainObjectMetaMethodSite.java:43)
	at org.codehaus.groovy.runtime.callsite.PogoMetaMethodSite$PogoCachedMethodSiteNoUnwrapNoCoerce.invoke(PogoMetaMethodSite.java:198)
	at org.codehaus.groovy.runtime.callsite.PogoMetaMethodSite.callCurrent(PogoMetaMethodSite.java:62)
	at org.codehaus.groovy.runtime.callsite.AbstractCallSite.callCurrent(AbstractCallSite.java:185)
	at io.restassured.internal.ResponseSpecificationImpl.statusCode(ResponseSpecificationImpl.groovy:135)
	at io.restassured.specification.ResponseSpecification$statusCode$0.callCurrent(Unknown Source)
	at io.restassured.internal.ResponseSpecificationImpl.statusCode(ResponseSpecificationImpl.groovy:143)
	at io.restassured.internal.ValidatableResponseOptionsImpl.statusCode(ValidatableResponseOptionsImpl.java:89)
	at Correct_Code.CAtalogue_Secndry.create(CAtalogue_Secndry.java:78)
	at jdk.internal.reflect.GeneratedMethodAccessor66.invoke(Unknown Source)
	at java.base/jdk.internal.reflect.DelegatingMethodAccessorImpl.invoke(DelegatingMethodAccessorImpl.java:43)
	at java.base/java.lang.reflect.Method.invoke(Method.java:568)
	at org.testng.internal.MethodInvocationHelper.invokeMethod(MethodInvocationHelper.java:133)
	at org.testng.internal.TestInvoker.invokeMethod(TestInvoker.java:598)
	at org.testng.internal.TestInvoker.invokeTestMethod(TestInvoker.java:173)
	at org.testng.internal.MethodRunner.runInSequence(MethodRunner.java:46)
	at org.testng.internal.TestInvoker$MethodInvocationAgent.invoke(TestInvoker.java:824)
	at org.testng.internal.TestInvoker.invokeTestMethods(TestInvoker.java:146)
	at org.testng.internal.TestMethodWorker.invokeTestMethods(TestMethodWorker.java:146)
	at org.testng.internal.TestMethodWorker.run(TestMethodWorker.java:128)
	at java.base/java.util.ArrayList.forEach(ArrayList.java:1511)
	at org.testng.TestRunner.privateRun(TestRunner.java:794)
	at org.testng.TestRunner.run(TestRunner.java:596)
	at org.testng.SuiteRunner.runTest(SuiteRunner.java:377)
	at org.testng.SuiteRunner.runSequentially(SuiteRunner.java:371)
	at org.testng.SuiteRunner.privateRun(SuiteRunner.java:332)
	at org.testng.SuiteRunner.run(SuiteRunner.java:276)
	at org.testng.SuiteRunnerWorker.runSuite(SuiteRunnerWorker.java:53)
	at org.testng.SuiteRunnerWorker.run(SuiteRunnerWorker.java:96)
	at org.testng.TestNG.runSuitesSequentially(TestNG.java:1212)
	at org.testng.TestNG.runSuitesLocally(TestNG.java:1134)
	at org.testng.TestNG.runSuites(TestNG.java:1063)
	at org.testng.TestNG.run(TestNG.java:1031)
	at org.testng.remote.AbstractRemoteTestNG.run(AbstractRemoteTestNG.java:115)
	at org.testng.remote.RemoteTestNG.initAndRun(RemoteTestNG.java:251)
	at org.testng.remote.RemoteTestNG.main(RemoteTestNG.java:77)
</pre></div></td>
<td>0</td>
<td>Correct_Code.CAtalogue_Secndry@4550bb58</td></tr>
</table><p>
<table width='100%' border='1' class='invocation-passed'>
<tr><td colspan='4' align='center'><b>PASSED TESTS</b></td></tr>
<tr><td><b>Test method</b></td>
<td width="30%"><b>Exception</b></td>
<td width="10%"><b>Time (seconds)</b></td>
<td><b>Instance</b></td>
</tr>
<tr>
<td title='Correct_Code.CAtalogue_Secndry.create()'><b>create</b><br>Test class: Correct_Code.CAtalogue_Secndry<br>Parameters: {"availableQuantity":"1.147","secondaryProductId":10,"application":"Ok","keywords":"Ok","termsConditions":"<p>OK<\/p><p><br><\/p>","price":{"default":"75000"},"additionalProductDetails":"<p>ok<\/p>","catalogueName":"TINPLATE SHEET [Th-0.2][W-898][TM-T-3]","minimumQuantity":"0.1","packagingType":["PLASTIC_PACKAGING"],"defectDetails":"<p>OK<\/p>","status":"ACTIVE"}</td>
<td></td>
<td>0</td>
<td>Correct_Code.CAtalogue_Secndry@4550bb58</td></tr>
<tr>
<td title='Correct_Code.CAtalogue_Secndry.create()'><b>create</b><br>Test class: Correct_Code.CAtalogue_Secndry<br>Parameters: {"availableQuantity":"1.723","secondaryProductId":17,"application":"Ok","keywords":"Ok","termsConditions":"<p>OK<\/p><p><br><\/p>","price":{"default":"75000"},"additionalProductDetails":"<p>ok<\/p>","catalogueName":"TINPLATE SHEET [Th-0.2][W-873][TM-T-3]","minimumQuantity":"0.1","packagingType":["PLASTIC_PACKAGING"],"defectDetails":"<p>OK<\/p>","status":"ACTIVE"}</td>
<td></td>
<td>0</td>
<td>Correct_Code.CAtalogue_Secndry@4550bb58</td></tr>
<tr>
<td title='Correct_Code.CAtalogue_Secndry.create()'><b>create</b><br>Test class: Correct_Code.CAtalogue_Secndry<br>Parameters: {"availableQuantity":"1.214","secondaryProductId":19,"application":"Ok","keywords":"Ok","termsConditions":"<p>OK<\/p><p><br><\/p>","price":{"default":"75000"},"additionalProductDetails":"<p>ok<\/p>","catalogueName":"TINPLATE SHEET [Th-0.2][W-855][TM-T-3]","minimumQuantity":"0.1","packagingType":["PLASTIC_PACKAGING"],"defectDetails":"<p>OK<\/p>","status":"ACTIVE"}</td>
<td></td>
<td>0</td>
<td>Correct_Code.CAtalogue_Secndry@4550bb58</td></tr>
<tr>
<td title='Correct_Code.CAtalogue_Secndry.create()'><b>create</b><br>Test class: Correct_Code.CAtalogue_Secndry<br>Parameters: {"availableQuantity":"1.716","secondaryProductId":20,"application":"Ok","keywords":"Ok","termsConditions":"<p>OK<\/p><p><br><\/p>","price":{"default":"75000"},"additionalProductDetails":"<p>ok<\/p>","catalogueName":"TINPLATE SHEET [Th-0.2][W-1780][TM-T-3]","minimumQuantity":"0.1","packagingType":["PLASTIC_PACKAGING"],"defectDetails":"<p>OK<\/p>","status":"ACTIVE"}</td>
<td></td>
<td>0</td>
<td>Correct_Code.CAtalogue_Secndry@4550bb58</td></tr>
<tr>
<td title='Correct_Code.CAtalogue_Secndry.create()'><b>create</b><br>Test class: Correct_Code.CAtalogue_Secndry<br>Parameters: {"availableQuantity":"0.763","secondaryProductId":2,"application":"Ok","keywords":"Ok","termsConditions":"<p>OK<\/p><p><br><\/p>","price":{"default":"75000"},"additionalProductDetails":"<p>ok<\/p>","catalogueName":"TINPLATE SHEET [Th-0.2][W-894][TM-T-3]","minimumQuantity":"0.1","packagingType":["PLASTIC_PACKAGING"],"defectDetails":"<p>OK<\/p>","status":"ACTIVE"}</td>
<td></td>
<td>2</td>
<td>Correct_Code.CAtalogue_Secndry@4550bb58</td></tr>
<tr>
<td title='Correct_Code.CAtalogue_Secndry.create()'><b>create</b><br>Test class: Correct_Code.CAtalogue_Secndry<br>Parameters: {"availableQuantity":"1.93","secondaryProductId":16,"application":"Ok","keywords":"Ok","termsConditions":"<p>OK<\/p><p><br><\/p>","price":{"default":"75000"},"additionalProductDetails":"<p>ok<\/p>","catalogueName":"TINPLATE SHEET [Th-0.2][W-940][TM-T-3]","minimumQuantity":"0.1","packagingType":["PLASTIC_PACKAGING"],"defectDetails":"<p>OK<\/p>","status":"ACTIVE"}</td>
<td></td>
<td>0</td>
<td>Correct_Code.CAtalogue_Secndry@4550bb58</td></tr>
<tr>
<td title='Correct_Code.CAtalogue_Secndry.create()'><b>create</b><br>Test class: Correct_Code.CAtalogue_Secndry<br>Parameters: {"availableQuantity":"1.234","secondaryProductId":4,"application":"Ok","keywords":"Ok","termsConditions":"<p>OK<\/p><p><br><\/p>","price":{"default":"75000"},"additionalProductDetails":"<p>ok<\/p>","catalogueName":"TINPLATE SHEET [Th-0.2][W-867][TM-T-3]","minimumQuantity":"0.1","packagingType":["PLASTIC_PACKAGING"],"defectDetails":"<p>OK<\/p>","status":"ACTIVE"}</td>
<td></td>
<td>0</td>
<td>Correct_Code.CAtalogue_Secndry@4550bb58</td></tr>
<tr>
<td title='Correct_Code.CAtalogue_Secndry.create()'><b>create</b><br>Test class: Correct_Code.CAtalogue_Secndry<br>Parameters: {"availableQuantity":"2.044","secondaryProductId":6,"application":"Ok","keywords":"Ok","termsConditions":"<p>OK<\/p><p><br><\/p>","price":{"default":"75000"},"additionalProductDetails":"<p>ok<\/p>","catalogueName":"TINPLATE SHEET [Th-0.2][W-820][TM-T-3]","minimumQuantity":"0.1","packagingType":["PLASTIC_PACKAGING"],"defectDetails":"<p>OK<\/p>","status":"ACTIVE"}</td>
<td></td>
<td>0</td>
<td>Correct_Code.CAtalogue_Secndry@4550bb58</td></tr>
<tr>
<td title='Correct_Code.CAtalogue_Secndry.create()'><b>create</b><br>Test class: Correct_Code.CAtalogue_Secndry<br>Parameters: {"availableQuantity":"2.057","secondaryProductId":3,"application":"Ok","keywords":"Ok","termsConditions":"<p>OK<\/p><p><br><\/p>","price":{"default":"75000"},"additionalProductDetails":"<p>ok<\/p>","catalogueName":"TINPLATE SHEET [Th-0.2][W-910][TM-T-3]","minimumQuantity":"0.1","packagingType":["PLASTIC_PACKAGING"],"defectDetails":"<p>OK<\/p>","status":"ACTIVE"}</td>
<td></td>
<td>0</td>
<td>Correct_Code.CAtalogue_Secndry@4550bb58</td></tr>
<tr>
<td title='Correct_Code.CAtalogue_Secndry.create()'><b>create</b><br>Test class: Correct_Code.CAtalogue_Secndry<br>Parameters: {"availableQuantity":"0.636","secondaryProductId":9,"application":"Ok","keywords":"Ok","termsConditions":"<p>OK<\/p><p><br><\/p>","price":{"default":"75000"},"additionalProductDetails":"<p>ok<\/p>","catalogueName":"TINPLATE SHEET [Th-0.2][W-800][TM-T-3]","minimumQuantity":"0.1","packagingType":["PLASTIC_PACKAGING"],"defectDetails":"<p>OK<\/p>","status":"ACTIVE"}</td>
<td></td>
<td>0</td>
<td>Correct_Code.CAtalogue_Secndry@4550bb58</td></tr>
<tr>
<td title='Correct_Code.CAtalogue_Secndry.create()'><b>create</b><br>Test class: Correct_Code.CAtalogue_Secndry<br>Parameters: {"availableQuantity":"0.596","secondaryProductId":11,"application":"Ok","keywords":"Ok","termsConditions":"<p>OK<\/p><p><br><\/p>","price":{"default":"75000"},"additionalProductDetails":"<p>ok<\/p>","catalogueName":"TINPLATE SHEET [Th-0.2][W-903][TM-T-3]","minimumQuantity":"0.1","packagingType":["PLASTIC_PACKAGING"],"defectDetails":"<p>OK<\/p>","status":"ACTIVE"}</td>
<td></td>
<td>0</td>
<td>Correct_Code.CAtalogue_Secndry@4550bb58</td></tr>
<tr>
<td title='Correct_Code.CAtalogue_Secndry.create()'><b>create</b><br>Test class: Correct_Code.CAtalogue_Secndry<br>Parameters: {"availableQuantity":"0.591","secondaryProductId":5,"application":"Ok","keywords":"Ok","termsConditions":"<p>OK<\/p><p><br><\/p>","price":{"default":"75000"},"additionalProductDetails":"<p>ok<\/p>","catalogueName":"TINPLATE SHEET [Th-0.2][W-864][TM-T-3]","minimumQuantity":"0.1","packagingType":["PLASTIC_PACKAGING"],"defectDetails":"<p>OK<\/p>","status":"ACTIVE"}</td>
<td></td>
<td>0</td>
<td>Correct_Code.CAtalogue_Secndry@4550bb58</td></tr>
<tr>
<td title='Correct_Code.CAtalogue_Secndry.create()'><b>create</b><br>Test class: Correct_Code.CAtalogue_Secndry<br>Parameters: {"availableQuantity":"11.866","secondaryProductId":15,"application":"Ok","keywords":"Ok","termsConditions":"<p>OK<\/p><p><br><\/p>","price":{"default":"75000"},"additionalProductDetails":"<p>ok<\/p>","catalogueName":"TINPLATE SHEET [Th-0.2][W-850][TM-T-3]","minimumQuantity":"0.1","packagingType":["PLASTIC_PACKAGING"],"defectDetails":"<p>OK<\/p>","status":"ACTIVE"}</td>
<td></td>
<td>0</td>
<td>Correct_Code.CAtalogue_Secndry@4550bb58</td></tr>
<tr>
<td title='Correct_Code.CAtalogue_Secndry.create()'><b>create</b><br>Test class: Correct_Code.CAtalogue_Secndry<br>Parameters: {"availableQuantity":"1.786","secondaryProductId":7,"application":"Ok","keywords":"Ok","termsConditions":"<p>OK<\/p><p><br><\/p>","price":{"default":"75000"},"additionalProductDetails":"<p>ok<\/p>","catalogueName":"TINPLATE SHEET [Th-0.2][W-780][TM-T-3]","minimumQuantity":"0.1","packagingType":["PLASTIC_PACKAGING"],"defectDetails":"<p>OK<\/p>","status":"ACTIVE"}</td>
<td></td>
<td>0</td>
<td>Correct_Code.CAtalogue_Secndry@4550bb58</td></tr>
<tr>
<td title='Correct_Code.CAtalogue_Secndry.create()'><b>create</b><br>Test class: Correct_Code.CAtalogue_Secndry<br>Parameters: {"availableQuantity":"1.711","secondaryProductId":14,"application":"Ok","keywords":"Ok","termsConditions":"<p>OK<\/p><p><br><\/p>","price":{"default":"75000"},"additionalProductDetails":"<p>ok<\/p>","catalogueName":"TINPLATE SHEET [Th-0.2][W-992][TM-T-3]","minimumQuantity":"0.1","packagingType":["PLASTIC_PACKAGING"],"defectDetails":"<p>OK<\/p>","status":"ACTIVE"}</td>
<td></td>
<td>0</td>
<td>Correct_Code.CAtalogue_Secndry@4550bb58</td></tr>
<tr>
<td title='Correct_Code.CAtalogue_Secndry.create()'><b>create</b><br>Test class: Correct_Code.CAtalogue_Secndry<br>Parameters: {"availableQuantity":"2.016","secondaryProductId":8,"application":"Ok","keywords":"Ok","termsConditions":"<p>OK<\/p><p><br><\/p>","price":{"default":"75000"},"additionalProductDetails":"<p>ok<\/p>","catalogueName":"TINPLATE SHEET [Th-0.2][W-860][TM-T-3]","minimumQuantity":"0.1","packagingType":["PLASTIC_PACKAGING"],"defectDetails":"<p>OK<\/p>","status":"ACTIVE"}</td>
<td></td>
<td>0</td>
<td>Correct_Code.CAtalogue_Secndry@4550bb58</td></tr>
<tr>
<td title='Correct_Code.CAtalogue_Secndry.create()'><b>create</b><br>Test class: Correct_Code.CAtalogue_Secndry<br>Parameters: {"availableQuantity":"1.113","secondaryProductId":13,"application":"Ok","keywords":"Ok","termsConditions":"<p>OK<\/p><p><br><\/p>","price":{"default":"75000"},"additionalProductDetails":"<p>ok<\/p>","catalogueName":"TINPLATE SHEET [Th-0.2][W-825][TM-T-3]","minimumQuantity":"0.1","packagingType":["PLASTIC_PACKAGING"],"defectDetails":"<p>OK<\/p>","status":"ACTIVE"}</td>
<td></td>
<td>0</td>
<td>Correct_Code.CAtalogue_Secndry@4550bb58</td></tr>
</table><p>
</body>
</html>